<?xml version="1.0" encoding="UTF-8"?>
<testsuite xmlns:xsi="http://www.w3.org/2001/XMLSchema-instance" xsi:noNamespaceSchemaLocation="https://maven.apache.org/surefire/maven-failsafe-plugin/xsd/failsafe-test-report-3.0.xsd" version="3.0" name="starter.CucumberTestSuite" time="22.517" tests="26" errors="0" skipped="25" failures="0">
  <properties>
    <property name="java.specification.version" value="23"/>
    <property name="sun.jnu.encoding" value="UTF-8"/>
    <property name="java.class.path" value="/Users/bytedance/Documents/private repos/serenity-cucumber-starter/target/test-classes:/Users/bytedance/Documents/private repos/serenity-cucumber-starter/target/cucumber-starter-1.0.0-SNAPSHOT.jar:/Users/bytedance/.m2/repository/net/serenity-bdd/serenity-core/4.2.1/serenity-core-4.2.1.jar:/Users/bytedance/.m2/repository/net/serenity-bdd/serenity-model/4.2.1/serenity-model-4.2.1.jar:/Users/bytedance/.m2/repository/org/apache/commons/commons-text/1.12.0/commons-text-1.12.0.jar:/Users/bytedance/.m2/repository/commons-net/commons-net/3.11.1/commons-net-3.11.1.jar:/Users/bytedance/.m2/repository/com/google/guava/guava/33.2.1-jre/guava-33.2.1-jre.jar:/Users/bytedance/.m2/repository/com/google/guava/failureaccess/1.0.2/failureaccess-1.0.2.jar:/Users/bytedance/.m2/repository/com/google/guava/listenablefuture/9999.0-empty-to-avoid-conflict-with-guava/listenablefuture-9999.0-empty-to-avoid-conflict-with-guava.jar:/Users/bytedance/.m2/repository/com/google/code/findbugs/jsr305/3.0.2/jsr305-3.0.2.jar:/Users/bytedance/.m2/repository/org/checkerframework/checker-qual/3.42.0/checker-qual-3.42.0.jar:/Users/bytedance/.m2/repository/com/google/j2objc/j2objc-annotations/3.0.0/j2objc-annotations-3.0.0.jar:/Users/bytedance/.m2/repository/org/jsoup/jsoup/1.15.4/jsoup-1.15.4.jar:/Users/bytedance/.m2/repository/com/thoughtworks/xstream/xstream/1.4.20/xstream-1.4.20.jar:/Users/bytedance/.m2/repository/io/github/x-stream/mxparser/1.2.2/mxparser-1.2.2.jar:/Users/bytedance/.m2/repository/xmlpull/xmlpull/1.1.3.1/xmlpull-1.1.3.1.jar:/Users/bytedance/.m2/repository/com/typesafe/config/1.4.3/config-1.4.3.jar:/Users/bytedance/.m2/repository/org/imgscalr/imgscalr-lib/4.2/imgscalr-lib-4.2.jar:/Users/bytedance/.m2/repository/org/awaitility/awaitility/4.2.2/awaitility-4.2.2.jar:/Users/bytedance/.m2/repository/org/freemarker/freemarker/2.3.33/freemarker-2.3.33.jar:/Users/bytedance/.m2/repository/io/github/classgraph/classgraph/4.8.157/classgraph-4.8.157.jar:/Users/bytedance/.m2/repository/com/github/ben-manes/caffeine/caffeine/2.9.2/caffeine-2.9.2.jar:/Users/bytedance/.m2/repository/org/ehcache/ehcache/3.10.8/ehcache-3.10.8.jar:/Users/bytedance/.m2/repository/javax/cache/cache-api/1.1.0/cache-api-1.1.0.jar:/Users/bytedance/.m2/repository/net/sourceforge/jexcelapi/jxl/2.6.12/jxl-2.6.12.jar:/Users/bytedance/.m2/repository/net/bytebuddy/byte-buddy-agent/1.14.18/byte-buddy-agent-1.14.18.jar:/Users/bytedance/.m2/repository/org/objenesis/objenesis/3.3/objenesis-3.3.jar:/Users/bytedance/.m2/repository/com/vladsch/flexmark/flexmark-all/0.64.8/flexmark-all-0.64.8.jar:/Users/bytedance/.m2/repository/com/vladsch/flexmark/flexmark/0.64.8/flexmark-0.64.8.jar:/Users/bytedance/.m2/repository/com/vladsch/flexmark/flexmark-ext-abbreviation/0.64.8/flexmark-ext-abbreviation-0.64.8.jar:/Users/bytedance/.m2/repository/com/vladsch/flexmark/flexmark-ext-admonition/0.64.8/flexmark-ext-admonition-0.64.8.jar:/Users/bytedance/.m2/repository/com/vladsch/flexmark/flexmark-ext-anchorlink/0.64.8/flexmark-ext-anchorlink-0.64.8.jar:/Users/bytedance/.m2/repository/com/vladsch/flexmark/flexmark-ext-aside/0.64.8/flexmark-ext-aside-0.64.8.jar:/Users/bytedance/.m2/repository/com/vladsch/flexmark/flexmark-ext-attributes/0.64.8/flexmark-ext-attributes-0.64.8.jar:/Users/bytedance/.m2/repository/com/vladsch/flexmark/flexmark-ext-autolink/0.64.8/flexmark-ext-autolink-0.64.8.jar:/Users/bytedance/.m2/repository/org/nibor/autolink/autolink/0.6.0/autolink-0.6.0.jar:/Users/bytedance/.m2/repository/com/vladsch/flexmark/flexmark-ext-definition/0.64.8/flexmark-ext-definition-0.64.8.jar:/Users/bytedance/.m2/repository/com/vladsch/flexmark/flexmark-ext-emoji/0.64.8/flexmark-ext-emoji-0.64.8.jar:/Users/bytedance/.m2/repository/com/vladsch/flexmark/flexmark-ext-enumerated-reference/0.64.8/flexmark-ext-enumerated-reference-0.64.8.jar:/Users/bytedance/.m2/repository/com/vladsch/flexmark/flexmark-ext-escaped-character/0.64.8/flexmark-ext-escaped-character-0.64.8.jar:/Users/bytedance/.m2/repository/com/vladsch/flexmark/flexmark-ext-footnotes/0.64.8/flexmark-ext-footnotes-0.64.8.jar:/Users/bytedance/.m2/repository/com/vladsch/flexmark/flexmark-ext-gfm-issues/0.64.8/flexmark-ext-gfm-issues-0.64.8.jar:/Users/bytedance/.m2/repository/com/vladsch/flexmark/flexmark-ext-gfm-strikethrough/0.64.8/flexmark-ext-gfm-strikethrough-0.64.8.jar:/Users/bytedance/.m2/repository/com/vladsch/flexmark/flexmark-ext-gfm-tasklist/0.64.8/flexmark-ext-gfm-tasklist-0.64.8.jar:/Users/bytedance/.m2/repository/com/vladsch/flexmark/flexmark-ext-gfm-users/0.64.8/flexmark-ext-gfm-users-0.64.8.jar:/Users/bytedance/.m2/repository/com/vladsch/flexmark/flexmark-ext-gitlab/0.64.8/flexmark-ext-gitlab-0.64.8.jar:/Users/bytedance/.m2/repository/com/vladsch/flexmark/flexmark-ext-jekyll-front-matter/0.64.8/flexmark-ext-jekyll-front-matter-0.64.8.jar:/Users/bytedance/.m2/repository/com/vladsch/flexmark/flexmark-ext-jekyll-tag/0.64.8/flexmark-ext-jekyll-tag-0.64.8.jar:/Users/bytedance/.m2/repository/com/vladsch/flexmark/flexmark-ext-media-tags/0.64.8/flexmark-ext-media-tags-0.64.8.jar:/Users/bytedance/.m2/repository/com/vladsch/flexmark/flexmark-ext-macros/0.64.8/flexmark-ext-macros-0.64.8.jar:/Users/bytedance/.m2/repository/com/vladsch/flexmark/flexmark-ext-ins/0.64.8/flexmark-ext-ins-0.64.8.jar:/Users/bytedance/.m2/repository/com/vladsch/flexmark/flexmark-ext-xwiki-macros/0.64.8/flexmark-ext-xwiki-macros-0.64.8.jar:/Users/bytedance/.m2/repository/com/vladsch/flexmark/flexmark-ext-superscript/0.64.8/flexmark-ext-superscript-0.64.8.jar:/Users/bytedance/.m2/repository/com/vladsch/flexmark/flexmark-ext-toc/0.64.8/flexmark-ext-toc-0.64.8.jar:/Users/bytedance/.m2/repository/com/vladsch/flexmark/flexmark-ext-typographic/0.64.8/flexmark-ext-typographic-0.64.8.jar:/Users/bytedance/.m2/repository/com/vladsch/flexmark/flexmark-ext-wikilink/0.64.8/flexmark-ext-wikilink-0.64.8.jar:/Users/bytedance/.m2/repository/com/vladsch/flexmark/flexmark-ext-yaml-front-matter/0.64.8/flexmark-ext-yaml-front-matter-0.64.8.jar:/Users/bytedance/.m2/repository/com/vladsch/flexmark/flexmark-ext-youtube-embedded/0.64.8/flexmark-ext-youtube-embedded-0.64.8.jar:/Users/bytedance/.m2/repository/com/vladsch/flexmark/flexmark-html2md-converter/0.64.8/flexmark-html2md-converter-0.64.8.jar:/Users/bytedance/.m2/repository/com/vladsch/flexmark/flexmark-jira-converter/0.64.8/flexmark-jira-converter-0.64.8.jar:/Users/bytedance/.m2/repository/com/vladsch/flexmark/flexmark-pdf-converter/0.64.8/flexmark-pdf-converter-0.64.8.jar:/Users/bytedance/.m2/repository/com/openhtmltopdf/openhtmltopdf-core/1.0.10/openhtmltopdf-core-1.0.10.jar:/Users/bytedance/.m2/repository/com/openhtmltopdf/openhtmltopdf-pdfbox/1.0.10/openhtmltopdf-pdfbox-1.0.10.jar:/Users/bytedance/.m2/repository/org/apache/pdfbox/pdfbox/2.0.24/pdfbox-2.0.24.jar:/Users/bytedance/.m2/repository/org/apache/pdfbox/fontbox/2.0.24/fontbox-2.0.24.jar:/Users/bytedance/.m2/repository/org/apache/pdfbox/xmpbox/2.0.24/xmpbox-2.0.24.jar:/Users/bytedance/.m2/repository/de/rototor/pdfbox/graphics2d/0.32/graphics2d-0.32.jar:/Users/bytedance/.m2/repository/com/openhtmltopdf/openhtmltopdf-rtl-support/1.0.10/openhtmltopdf-rtl-support-1.0.10.jar:/Users/bytedance/.m2/repository/com/vladsch/flexmark/flexmark-profile-pegdown/0.64.8/flexmark-profile-pegdown-0.64.8.jar:/Users/bytedance/.m2/repository/com/vladsch/flexmark/flexmark-util-ast/0.64.8/flexmark-util-ast-0.64.8.jar:/Users/bytedance/.m2/repository/com/vladsch/flexmark/flexmark-util-builder/0.64.8/flexmark-util-builder-0.64.8.jar:/Users/bytedance/.m2/repository/com/vladsch/flexmark/flexmark-util-collection/0.64.8/flexmark-util-collection-0.64.8.jar:/Users/bytedance/.m2/repository/com/vladsch/flexmark/flexmark-util-data/0.64.8/flexmark-util-data-0.64.8.jar:/Users/bytedance/.m2/repository/com/vladsch/flexmark/flexmark-util-dependency/0.64.8/flexmark-util-dependency-0.64.8.jar:/Users/bytedance/.m2/repository/com/vladsch/flexmark/flexmark-util-format/0.64.8/flexmark-util-format-0.64.8.jar:/Users/bytedance/.m2/repository/com/vladsch/flexmark/flexmark-util-html/0.64.8/flexmark-util-html-0.64.8.jar:/Users/bytedance/.m2/repository/com/vladsch/flexmark/flexmark-util-misc/0.64.8/flexmark-util-misc-0.64.8.jar:/Users/bytedance/.m2/repository/com/vladsch/flexmark/flexmark-util-options/0.64.8/flexmark-util-options-0.64.8.jar:/Users/bytedance/.m2/repository/com/vladsch/flexmark/flexmark-util-sequence/0.64.8/flexmark-util-sequence-0.64.8.jar:/Users/bytedance/.m2/repository/com/vladsch/flexmark/flexmark-util-visitor/0.64.8/flexmark-util-visitor-0.64.8.jar:/Users/bytedance/.m2/repository/com/vladsch/flexmark/flexmark-youtrack-converter/0.64.8/flexmark-youtrack-converter-0.64.8.jar:/Users/bytedance/.m2/repository/com/vladsch/flexmark/flexmark-ext-resizable-image/0.64.8/flexmark-ext-resizable-image-0.64.8.jar:/Users/bytedance/.m2/repository/com/vladsch/flexmark/flexmark-ext-tables/0.64.8/flexmark-ext-tables-0.64.8.jar:/Users/bytedance/.m2/repository/com/vladsch/flexmark/flexmark-util/0.64.8/flexmark-util-0.64.8.jar:/Users/bytedance/.m2/repository/net/serenity-bdd/serenity-reports/4.2.1/serenity-reports-4.2.1.jar:/Users/bytedance/.m2/repository/net/serenity-bdd/serenity-stats/4.2.1/serenity-stats-4.2.1.jar:/Users/bytedance/.m2/repository/net/serenity-bdd/serenity-reports-configuration/4.2.1/serenity-reports-configuration-4.2.1.jar:/Users/bytedance/.m2/repository/com/ibm/icu/icu4j/72.1/icu4j-72.1.jar:/Users/bytedance/.m2/repository/es/nitaur/markdown/txtmark/0.16/txtmark-0.16.jar:/Users/bytedance/.m2/repository/net/serenity-bdd/serenity-report-resources/4.2.1/serenity-report-resources-4.2.1.jar:/Users/bytedance/.m2/repository/com/google/code/gson/gson/2.11.0/gson-2.11.0.jar:/Users/bytedance/.m2/repository/com/google/errorprone/error_prone_annotations/2.27.0/error_prone_annotations-2.27.0.jar:/Users/bytedance/.m2/repository/com/fasterxml/jackson/core/jackson-core/2.17.2/jackson-core-2.17.2.jar:/Users/bytedance/.m2/repository/com/fasterxml/jackson/core/jackson-databind/2.17.2/jackson-databind-2.17.2.jar:/Users/bytedance/.m2/repository/com/fasterxml/jackson/core/jackson-annotations/2.17.2/jackson-annotations-2.17.2.jar:/Users/bytedance/.m2/repository/commons-codec/commons-codec/1.17.1/commons-codec-1.17.1.jar:/Users/bytedance/.m2/repository/commons-io/commons-io/2.16.1/commons-io-2.16.1.jar:/Users/bytedance/.m2/repository/org/apache/httpcomponents/httpclient/4.5.13/httpclient-4.5.13.jar:/Users/bytedance/.m2/repository/org/apache/httpcomponents/httpcore/4.4.13/httpcore-4.4.13.jar:/Users/bytedance/.m2/repository/commons-logging/commons-logging/1.2/commons-logging-1.2.jar:/Users/bytedance/.m2/repository/org/seleniumhq/selenium/selenium-java/4.23.1/selenium-java-4.23.1.jar:/Users/bytedance/.m2/repository/org/seleniumhq/selenium/selenium-devtools-v125/4.23.1/selenium-devtools-v125-4.23.1.jar:/Users/bytedance/.m2/repository/org/seleniumhq/selenium/selenium-devtools-v126/4.23.1/selenium-devtools-v126-4.23.1.jar:/Users/bytedance/.m2/repository/org/seleniumhq/selenium/selenium-devtools-v127/4.23.1/selenium-devtools-v127-4.23.1.jar:/Users/bytedance/.m2/repository/org/seleniumhq/selenium/selenium-devtools-v85/4.23.1/selenium-devtools-v85-4.23.1.jar:/Users/bytedance/.m2/repository/org/seleniumhq/selenium/selenium-remote-driver/4.23.1/selenium-remote-driver-4.23.1.jar:/Users/bytedance/.m2/repository/io/opentelemetry/semconv/opentelemetry-semconv/1.25.0-alpha/opentelemetry-semconv-1.25.0-alpha.jar:/Users/bytedance/.m2/repository/io/opentelemetry/opentelemetry-api/1.40.0/opentelemetry-api-1.40.0.jar:/Users/bytedance/.m2/repository/io/opentelemetry/opentelemetry-context/1.40.0/opentelemetry-context-1.40.0.jar:/Users/bytedance/.m2/repository/io/opentelemetry/opentelemetry-exporter-logging/1.40.0/opentelemetry-exporter-logging-1.40.0.jar:/Users/bytedance/.m2/repository/io/opentelemetry/opentelemetry-sdk-common/1.40.0/opentelemetry-sdk-common-1.40.0.jar:/Users/bytedance/.m2/repository/io/opentelemetry/opentelemetry-sdk-extension-autoconfigure-spi/1.40.0/opentelemetry-sdk-extension-autoconfigure-spi-1.40.0.jar:/Users/bytedance/.m2/repository/io/opentelemetry/opentelemetry-sdk-extension-autoconfigure/1.40.0/opentelemetry-sdk-extension-autoconfigure-1.40.0.jar:/Users/bytedance/.m2/repository/io/opentelemetry/opentelemetry-api-incubator/1.40.0-alpha/opentelemetry-api-incubator-1.40.0-alpha.jar:/Users/bytedance/.m2/repository/io/opentelemetry/opentelemetry-sdk-trace/1.40.0/opentelemetry-sdk-trace-1.40.0.jar:/Users/bytedance/.m2/repository/io/opentelemetry/opentelemetry-sdk/1.40.0/opentelemetry-sdk-1.40.0.jar:/Users/bytedance/.m2/repository/io/opentelemetry/opentelemetry-sdk-metrics/1.40.0/opentelemetry-sdk-metrics-1.40.0.jar:/Users/bytedance/.m2/repository/io/opentelemetry/opentelemetry-sdk-logs/1.40.0/opentelemetry-sdk-logs-1.40.0.jar:/Users/bytedance/.m2/repository/org/seleniumhq/selenium/selenium-os/4.23.1/selenium-os-4.23.1.jar:/Users/bytedance/.m2/repository/org/apache/commons/commons-exec/1.4.0/commons-exec-1.4.0.jar:/Users/bytedance/.m2/repository/org/seleniumhq/selenium/selenium-safari-driver/4.23.1/selenium-safari-driver-4.23.1.jar:/Users/bytedance/.m2/repository/org/seleniumhq/selenium/selenium-api/4.23.1/selenium-api-4.23.1.jar:/Users/bytedance/.m2/repository/org/seleniumhq/selenium/selenium-support/4.23.1/selenium-support-4.23.1.jar:/Users/bytedance/.m2/repository/com/google/auto/service/auto-service-annotations/1.1.1/auto-service-annotations-1.1.1.jar:/Users/bytedance/.m2/repository/org/seleniumhq/selenium/selenium-json/4.23.1/selenium-json-4.23.1.jar:/Users/bytedance/.m2/repository/org/seleniumhq/selenium/selenium-chrome-driver/4.23.1/selenium-chrome-driver-4.23.1.jar:/Users/bytedance/.m2/repository/org/seleniumhq/selenium/selenium-chromium-driver/4.23.1/selenium-chromium-driver-4.23.1.jar:/Users/bytedance/.m2/repository/org/seleniumhq/selenium/selenium-manager/4.23.1/selenium-manager-4.23.1.jar:/Users/bytedance/.m2/repository/org/seleniumhq/selenium/selenium-firefox-driver/4.23.1/selenium-firefox-driver-4.23.1.jar:/Users/bytedance/.m2/repository/org/seleniumhq/selenium/selenium-http/4.23.1/selenium-http-4.23.1.jar:/Users/bytedance/.m2/repository/dev/failsafe/failsafe/3.3.2/failsafe-3.3.2.jar:/Users/bytedance/.m2/repository/org/seleniumhq/selenium/selenium-edge-driver/4.23.1/selenium-edge-driver-4.23.1.jar:/Users/bytedance/.m2/repository/org/seleniumhq/selenium/selenium-ie-driver/4.23.1/selenium-ie-driver-4.23.1.jar:/Users/bytedance/.m2/repository/org/htmlunit/htmlunit/4.4.0/htmlunit-4.4.0.jar:/Users/bytedance/.m2/repository/org/apache/httpcomponents/httpmime/4.5.14/httpmime-4.5.14.jar:/Users/bytedance/.m2/repository/org/htmlunit/htmlunit-core-js/4.4.0/htmlunit-core-js-4.4.0.jar:/Users/bytedance/.m2/repository/org/htmlunit/neko-htmlunit/4.4.0/neko-htmlunit-4.4.0.jar:/Users/bytedance/.m2/repository/org/htmlunit/htmlunit-cssparser/4.4.0/htmlunit-cssparser-4.4.0.jar:/Users/bytedance/.m2/repository/org/htmlunit/htmlunit-xpath/4.4.0/htmlunit-xpath-4.4.0.jar:/Users/bytedance/.m2/repository/org/htmlunit/htmlunit-csp/4.4.0/htmlunit-csp-4.4.0.jar:/Users/bytedance/.m2/repository/org/htmlunit/htmlunit-websocket-client/4.4.0/htmlunit-websocket-client-4.4.0.jar:/Users/bytedance/.m2/repository/org/brotli/dec/0.1.2/dec-0.1.2.jar:/Users/bytedance/.m2/repository/org/seleniumhq/selenium/htmlunit3-driver/4.23.0/htmlunit3-driver-4.23.0.jar:/Users/bytedance/.m2/repository/io/appium/java-client/9.3.0/java-client-9.3.0.jar:/Users/bytedance/.m2/repository/org/apache/groovy/groovy/4.0.22/groovy-4.0.22.jar:/Users/bytedance/.m2/repository/net/sf/opencsv/opencsv/2.1/opencsv-2.1.jar:/Users/bytedance/.m2/repository/org/apache/commons/commons-lang3/3.16.0/commons-lang3-3.16.0.jar:/Users/bytedance/.m2/repository/org/apache/commons/commons-compress/1.27.0/commons-compress-1.27.0.jar:/Users/bytedance/.m2/repository/org/fluentlenium/fluentlenium-core/0.10.2/fluentlenium-core-0.10.2.jar:/Users/bytedance/.m2/repository/com/jhlabs/filters/2.0.235/filters-2.0.235.jar:/Users/bytedance/.m2/repository/com/paulhammant/ngwebdriver/1.2/ngwebdriver-1.2.jar:/Users/bytedance/.m2/repository/joda-time/joda-time/2.12.7/joda-time-2.12.7.jar:/Users/bytedance/.m2/repository/org/hamcrest/hamcrest/2.2/hamcrest-2.2.jar:/Users/bytedance/.m2/repository/com/google/jimfs/jimfs/1.3.0/jimfs-1.3.0.jar:/Users/bytedance/.m2/repository/org/mockito/mockito-core/3.3.3/mockito-core-3.3.3.jar:/Users/bytedance/.m2/repository/javax/xml/bind/jaxb-api/2.3.1/jaxb-api-2.3.1.jar:/Users/bytedance/.m2/repository/javax/activation/javax.activation-api/1.2.0/javax.activation-api-1.2.0.jar:/Users/bytedance/.m2/repository/com/sun/xml/bind/jaxb-core/2.3.0.1/jaxb-core-2.3.0.1.jar:/Users/bytedance/.m2/repository/com/sun/xml/bind/jaxb-impl/2.3.3/jaxb-impl-2.3.3.jar:/Users/bytedance/.m2/repository/jakarta/xml/bind/jakarta.xml.bind-api/2.3.3/jakarta.xml.bind-api-2.3.3.jar:/Users/bytedance/.m2/repository/com/sun/activation/jakarta.activation/1.2.2/jakarta.activation-1.2.2.jar:/Users/bytedance/.m2/repository/javax/activation/activation/1.1.1/activation-1.1.1.jar:/Users/bytedance/.m2/repository/net/serenity-bdd/serenity-cucumber/4.2.1/serenity-cucumber-4.2.1.jar:/Users/bytedance/.m2/repository/io/cucumber/cucumber-core/7.18.1/cucumber-core-7.18.1.jar:/Users/bytedance/.m2/repository/io/cucumber/cucumber-gherkin/7.18.1/cucumber-gherkin-7.18.1.jar:/Users/bytedance/.m2/repository/io/cucumber/cucumber-gherkin-messages/7.18.1/cucumber-gherkin-messages-7.18.1.jar:/Users/bytedance/.m2/repository/io/cucumber/gherkin/28.0.0/gherkin-28.0.0.jar:/Users/bytedance/.m2/repository/io/cucumber/messages/24.1.0/messages-24.1.0.jar:/Users/bytedance/.m2/repository/io/cucumber/testng-xml-formatter/0.2.0/testng-xml-formatter-0.2.0.jar:/Users/bytedance/.m2/repository/io/cucumber/query/12.2.0/query-12.2.0.jar:/Users/bytedance/.m2/repository/io/cucumber/tag-expressions/6.1.0/tag-expressions-6.1.0.jar:/Users/bytedance/.m2/repository/io/cucumber/cucumber-expressions/17.1.0/cucumber-expressions-17.1.0.jar:/Users/bytedance/.m2/repository/io/cucumber/datatable/7.18.1/datatable-7.18.1.jar:/Users/bytedance/.m2/repository/io/cucumber/cucumber-plugin/7.18.1/cucumber-plugin-7.18.1.jar:/Users/bytedance/.m2/repository/io/cucumber/docstring/7.18.1/docstring-7.18.1.jar:/Users/bytedance/.m2/repository/io/cucumber/html-formatter/21.4.1/html-formatter-21.4.1.jar:/Users/bytedance/.m2/repository/io/cucumber/junit-xml-formatter/0.5.0/junit-xml-formatter-0.5.0.jar:/Users/bytedance/.m2/repository/io/cucumber/ci-environment/10.0.1/ci-environment-10.0.1.jar:/Users/bytedance/.m2/repository/io/cucumber/cucumber-java/7.18.1/cucumber-java-7.18.1.jar:/Users/bytedance/.m2/repository/io/cucumber/cucumber-junit/7.18.1/cucumber-junit-7.18.1.jar:/Users/bytedance/.m2/repository/org/apache/commons/commons-csv/1.5/commons-csv-1.5.jar:/Users/bytedance/.m2/repository/net/serenity-bdd/serenity-screenplay/4.2.1/serenity-screenplay-4.2.1.jar:/Users/bytedance/.m2/repository/net/serenity-bdd/serenity-screenplay-webdriver/4.2.1/serenity-screenplay-webdriver-4.2.1.jar:/Users/bytedance/.m2/repository/net/serenity-bdd/serenity-ensure/4.2.1/serenity-ensure-4.2.1.jar:/Users/bytedance/.m2/repository/org/jetbrains/kotlin/kotlin-stdlib/1.9.24/kotlin-stdlib-1.9.24.jar:/Users/bytedance/.m2/repository/org/jetbrains/annotations/13.0/annotations-13.0.jar:/Users/bytedance/.m2/repository/org/junit/platform/junit-platform-launcher/1.11.0/junit-platform-launcher-1.11.0.jar:/Users/bytedance/.m2/repository/org/junit/platform/junit-platform-engine/1.11.0/junit-platform-engine-1.11.0.jar:/Users/bytedance/.m2/repository/org/opentest4j/opentest4j/1.3.0/opentest4j-1.3.0.jar:/Users/bytedance/.m2/repository/org/junit/platform/junit-platform-commons/1.11.0/junit-platform-commons-1.11.0.jar:/Users/bytedance/.m2/repository/org/apiguardian/apiguardian-api/1.1.2/apiguardian-api-1.1.2.jar:/Users/bytedance/.m2/repository/io/cucumber/cucumber-junit-platform-engine/7.16.1/cucumber-junit-platform-engine-7.16.1.jar:/Users/bytedance/.m2/repository/org/junit/platform/junit-platform-suite/1.11.0/junit-platform-suite-1.11.0.jar:/Users/bytedance/.m2/repository/org/junit/platform/junit-platform-suite-api/1.11.0/junit-platform-suite-api-1.11.0.jar:/Users/bytedance/.m2/repository/org/junit/platform/junit-platform-suite-engine/1.11.0/junit-platform-suite-engine-1.11.0.jar:/Users/bytedance/.m2/repository/org/junit/platform/junit-platform-suite-commons/1.11.0/junit-platform-suite-commons-1.11.0.jar:/Users/bytedance/.m2/repository/org/junit/jupiter/junit-jupiter-engine/5.11.0/junit-jupiter-engine-5.11.0.jar:/Users/bytedance/.m2/repository/org/junit/jupiter/junit-jupiter-api/5.11.0/junit-jupiter-api-5.11.0.jar:/Users/bytedance/.m2/repository/org/junit/vintage/junit-vintage-engine/5.11.0/junit-vintage-engine-5.11.0.jar:/Users/bytedance/.m2/repository/junit/junit/4.13.2/junit-4.13.2.jar:/Users/bytedance/.m2/repository/org/hamcrest/hamcrest-core/1.3/hamcrest-core-1.3.jar:/Users/bytedance/.m2/repository/ch/qos/logback/logback-classic/1.2.10/logback-classic-1.2.10.jar:/Users/bytedance/.m2/repository/ch/qos/logback/logback-core/1.2.10/logback-core-1.2.10.jar:/Users/bytedance/.m2/repository/org/slf4j/slf4j-api/1.7.32/slf4j-api-1.7.32.jar:/Users/bytedance/.m2/repository/org/assertj/assertj-core/3.23.1/assertj-core-3.23.1.jar:/Users/bytedance/.m2/repository/net/bytebuddy/byte-buddy/1.12.10/byte-buddy-1.12.10.jar:"/>
    <property name="java.vm.vendor" value="Homebrew"/>
    <property name="sun.arch.data.model" value="64"/>
    <property name="java.vendor.url" value="https://github.com/Homebrew/homebrew-core/issues"/>
    <property name="user.timezone" value="Asia/Jakarta"/>
    <property name="os.name" value="Mac OS X"/>
    <property name="java.vm.specification.version" value="23"/>
    <property name="sun.java.launcher" value="SUN_STANDARD"/>
    <property name="user.country" value="US"/>
    <property name="sun.boot.library.path" value="/opt/homebrew/Cellar/openjdk/23/libexec/openjdk.jdk/Contents/Home/lib"/>
    <property name="sun.java.command" value="/Users/bytedance/Documents/private repos/serenity-cucumber-starter/target/surefire/surefirebooter-20241028000159380_3.jar /Users/bytedance/Documents/private repos/serenity-cucumber-starter/target/surefire 2024-10-28T00-01-59_304-jvmRun1 surefire-20241028000159380_1tmp surefire_0-20241028000159380_2tmp"/>
    <property name="http.nonProxyHosts" value="local|*.local|169.254/16|*.169.254/16"/>
    <property name="jdk.debug" value="release"/>
    <property name="surefire.test.class.path" value="/Users/bytedance/Documents/private repos/serenity-cucumber-starter/target/test-classes:/Users/bytedance/Documents/private repos/serenity-cucumber-starter/target/cucumber-starter-1.0.0-SNAPSHOT.jar:/Users/bytedance/.m2/repository/net/serenity-bdd/serenity-core/4.2.1/serenity-core-4.2.1.jar:/Users/bytedance/.m2/repository/net/serenity-bdd/serenity-model/4.2.1/serenity-model-4.2.1.jar:/Users/bytedance/.m2/repository/org/apache/commons/commons-text/1.12.0/commons-text-1.12.0.jar:/Users/bytedance/.m2/repository/commons-net/commons-net/3.11.1/commons-net-3.11.1.jar:/Users/bytedance/.m2/repository/com/google/guava/guava/33.2.1-jre/guava-33.2.1-jre.jar:/Users/bytedance/.m2/repository/com/google/guava/failureaccess/1.0.2/failureaccess-1.0.2.jar:/Users/bytedance/.m2/repository/com/google/guava/listenablefuture/9999.0-empty-to-avoid-conflict-with-guava/listenablefuture-9999.0-empty-to-avoid-conflict-with-guava.jar:/Users/bytedance/.m2/repository/com/google/code/findbugs/jsr305/3.0.2/jsr305-3.0.2.jar:/Users/bytedance/.m2/repository/org/checkerframework/checker-qual/3.42.0/checker-qual-3.42.0.jar:/Users/bytedance/.m2/repository/com/google/j2objc/j2objc-annotations/3.0.0/j2objc-annotations-3.0.0.jar:/Users/bytedance/.m2/repository/org/jsoup/jsoup/1.15.4/jsoup-1.15.4.jar:/Users/bytedance/.m2/repository/com/thoughtworks/xstream/xstream/1.4.20/xstream-1.4.20.jar:/Users/bytedance/.m2/repository/io/github/x-stream/mxparser/1.2.2/mxparser-1.2.2.jar:/Users/bytedance/.m2/repository/xmlpull/xmlpull/1.1.3.1/xmlpull-1.1.3.1.jar:/Users/bytedance/.m2/repository/com/typesafe/config/1.4.3/config-1.4.3.jar:/Users/bytedance/.m2/repository/org/imgscalr/imgscalr-lib/4.2/imgscalr-lib-4.2.jar:/Users/bytedance/.m2/repository/org/awaitility/awaitility/4.2.2/awaitility-4.2.2.jar:/Users/bytedance/.m2/repository/org/freemarker/freemarker/2.3.33/freemarker-2.3.33.jar:/Users/bytedance/.m2/repository/io/github/classgraph/classgraph/4.8.157/classgraph-4.8.157.jar:/Users/bytedance/.m2/repository/com/github/ben-manes/caffeine/caffeine/2.9.2/caffeine-2.9.2.jar:/Users/bytedance/.m2/repository/org/ehcache/ehcache/3.10.8/ehcache-3.10.8.jar:/Users/bytedance/.m2/repository/javax/cache/cache-api/1.1.0/cache-api-1.1.0.jar:/Users/bytedance/.m2/repository/net/sourceforge/jexcelapi/jxl/2.6.12/jxl-2.6.12.jar:/Users/bytedance/.m2/repository/net/bytebuddy/byte-buddy-agent/1.14.18/byte-buddy-agent-1.14.18.jar:/Users/bytedance/.m2/repository/org/objenesis/objenesis/3.3/objenesis-3.3.jar:/Users/bytedance/.m2/repository/com/vladsch/flexmark/flexmark-all/0.64.8/flexmark-all-0.64.8.jar:/Users/bytedance/.m2/repository/com/vladsch/flexmark/flexmark/0.64.8/flexmark-0.64.8.jar:/Users/bytedance/.m2/repository/com/vladsch/flexmark/flexmark-ext-abbreviation/0.64.8/flexmark-ext-abbreviation-0.64.8.jar:/Users/bytedance/.m2/repository/com/vladsch/flexmark/flexmark-ext-admonition/0.64.8/flexmark-ext-admonition-0.64.8.jar:/Users/bytedance/.m2/repository/com/vladsch/flexmark/flexmark-ext-anchorlink/0.64.8/flexmark-ext-anchorlink-0.64.8.jar:/Users/bytedance/.m2/repository/com/vladsch/flexmark/flexmark-ext-aside/0.64.8/flexmark-ext-aside-0.64.8.jar:/Users/bytedance/.m2/repository/com/vladsch/flexmark/flexmark-ext-attributes/0.64.8/flexmark-ext-attributes-0.64.8.jar:/Users/bytedance/.m2/repository/com/vladsch/flexmark/flexmark-ext-autolink/0.64.8/flexmark-ext-autolink-0.64.8.jar:/Users/bytedance/.m2/repository/org/nibor/autolink/autolink/0.6.0/autolink-0.6.0.jar:/Users/bytedance/.m2/repository/com/vladsch/flexmark/flexmark-ext-definition/0.64.8/flexmark-ext-definition-0.64.8.jar:/Users/bytedance/.m2/repository/com/vladsch/flexmark/flexmark-ext-emoji/0.64.8/flexmark-ext-emoji-0.64.8.jar:/Users/bytedance/.m2/repository/com/vladsch/flexmark/flexmark-ext-enumerated-reference/0.64.8/flexmark-ext-enumerated-reference-0.64.8.jar:/Users/bytedance/.m2/repository/com/vladsch/flexmark/flexmark-ext-escaped-character/0.64.8/flexmark-ext-escaped-character-0.64.8.jar:/Users/bytedance/.m2/repository/com/vladsch/flexmark/flexmark-ext-footnotes/0.64.8/flexmark-ext-footnotes-0.64.8.jar:/Users/bytedance/.m2/repository/com/vladsch/flexmark/flexmark-ext-gfm-issues/0.64.8/flexmark-ext-gfm-issues-0.64.8.jar:/Users/bytedance/.m2/repository/com/vladsch/flexmark/flexmark-ext-gfm-strikethrough/0.64.8/flexmark-ext-gfm-strikethrough-0.64.8.jar:/Users/bytedance/.m2/repository/com/vladsch/flexmark/flexmark-ext-gfm-tasklist/0.64.8/flexmark-ext-gfm-tasklist-0.64.8.jar:/Users/bytedance/.m2/repository/com/vladsch/flexmark/flexmark-ext-gfm-users/0.64.8/flexmark-ext-gfm-users-0.64.8.jar:/Users/bytedance/.m2/repository/com/vladsch/flexmark/flexmark-ext-gitlab/0.64.8/flexmark-ext-gitlab-0.64.8.jar:/Users/bytedance/.m2/repository/com/vladsch/flexmark/flexmark-ext-jekyll-front-matter/0.64.8/flexmark-ext-jekyll-front-matter-0.64.8.jar:/Users/bytedance/.m2/repository/com/vladsch/flexmark/flexmark-ext-jekyll-tag/0.64.8/flexmark-ext-jekyll-tag-0.64.8.jar:/Users/bytedance/.m2/repository/com/vladsch/flexmark/flexmark-ext-media-tags/0.64.8/flexmark-ext-media-tags-0.64.8.jar:/Users/bytedance/.m2/repository/com/vladsch/flexmark/flexmark-ext-macros/0.64.8/flexmark-ext-macros-0.64.8.jar:/Users/bytedance/.m2/repository/com/vladsch/flexmark/flexmark-ext-ins/0.64.8/flexmark-ext-ins-0.64.8.jar:/Users/bytedance/.m2/repository/com/vladsch/flexmark/flexmark-ext-xwiki-macros/0.64.8/flexmark-ext-xwiki-macros-0.64.8.jar:/Users/bytedance/.m2/repository/com/vladsch/flexmark/flexmark-ext-superscript/0.64.8/flexmark-ext-superscript-0.64.8.jar:/Users/bytedance/.m2/repository/com/vladsch/flexmark/flexmark-ext-toc/0.64.8/flexmark-ext-toc-0.64.8.jar:/Users/bytedance/.m2/repository/com/vladsch/flexmark/flexmark-ext-typographic/0.64.8/flexmark-ext-typographic-0.64.8.jar:/Users/bytedance/.m2/repository/com/vladsch/flexmark/flexmark-ext-wikilink/0.64.8/flexmark-ext-wikilink-0.64.8.jar:/Users/bytedance/.m2/repository/com/vladsch/flexmark/flexmark-ext-yaml-front-matter/0.64.8/flexmark-ext-yaml-front-matter-0.64.8.jar:/Users/bytedance/.m2/repository/com/vladsch/flexmark/flexmark-ext-youtube-embedded/0.64.8/flexmark-ext-youtube-embedded-0.64.8.jar:/Users/bytedance/.m2/repository/com/vladsch/flexmark/flexmark-html2md-converter/0.64.8/flexmark-html2md-converter-0.64.8.jar:/Users/bytedance/.m2/repository/com/vladsch/flexmark/flexmark-jira-converter/0.64.8/flexmark-jira-converter-0.64.8.jar:/Users/bytedance/.m2/repository/com/vladsch/flexmark/flexmark-pdf-converter/0.64.8/flexmark-pdf-converter-0.64.8.jar:/Users/bytedance/.m2/repository/com/openhtmltopdf/openhtmltopdf-core/1.0.10/openhtmltopdf-core-1.0.10.jar:/Users/bytedance/.m2/repository/com/openhtmltopdf/openhtmltopdf-pdfbox/1.0.10/openhtmltopdf-pdfbox-1.0.10.jar:/Users/bytedance/.m2/repository/org/apache/pdfbox/pdfbox/2.0.24/pdfbox-2.0.24.jar:/Users/bytedance/.m2/repository/org/apache/pdfbox/fontbox/2.0.24/fontbox-2.0.24.jar:/Users/bytedance/.m2/repository/org/apache/pdfbox/xmpbox/2.0.24/xmpbox-2.0.24.jar:/Users/bytedance/.m2/repository/de/rototor/pdfbox/graphics2d/0.32/graphics2d-0.32.jar:/Users/bytedance/.m2/repository/com/openhtmltopdf/openhtmltopdf-rtl-support/1.0.10/openhtmltopdf-rtl-support-1.0.10.jar:/Users/bytedance/.m2/repository/com/vladsch/flexmark/flexmark-profile-pegdown/0.64.8/flexmark-profile-pegdown-0.64.8.jar:/Users/bytedance/.m2/repository/com/vladsch/flexmark/flexmark-util-ast/0.64.8/flexmark-util-ast-0.64.8.jar:/Users/bytedance/.m2/repository/com/vladsch/flexmark/flexmark-util-builder/0.64.8/flexmark-util-builder-0.64.8.jar:/Users/bytedance/.m2/repository/com/vladsch/flexmark/flexmark-util-collection/0.64.8/flexmark-util-collection-0.64.8.jar:/Users/bytedance/.m2/repository/com/vladsch/flexmark/flexmark-util-data/0.64.8/flexmark-util-data-0.64.8.jar:/Users/bytedance/.m2/repository/com/vladsch/flexmark/flexmark-util-dependency/0.64.8/flexmark-util-dependency-0.64.8.jar:/Users/bytedance/.m2/repository/com/vladsch/flexmark/flexmark-util-format/0.64.8/flexmark-util-format-0.64.8.jar:/Users/bytedance/.m2/repository/com/vladsch/flexmark/flexmark-util-html/0.64.8/flexmark-util-html-0.64.8.jar:/Users/bytedance/.m2/repository/com/vladsch/flexmark/flexmark-util-misc/0.64.8/flexmark-util-misc-0.64.8.jar:/Users/bytedance/.m2/repository/com/vladsch/flexmark/flexmark-util-options/0.64.8/flexmark-util-options-0.64.8.jar:/Users/bytedance/.m2/repository/com/vladsch/flexmark/flexmark-util-sequence/0.64.8/flexmark-util-sequence-0.64.8.jar:/Users/bytedance/.m2/repository/com/vladsch/flexmark/flexmark-util-visitor/0.64.8/flexmark-util-visitor-0.64.8.jar:/Users/bytedance/.m2/repository/com/vladsch/flexmark/flexmark-youtrack-converter/0.64.8/flexmark-youtrack-converter-0.64.8.jar:/Users/bytedance/.m2/repository/com/vladsch/flexmark/flexmark-ext-resizable-image/0.64.8/flexmark-ext-resizable-image-0.64.8.jar:/Users/bytedance/.m2/repository/com/vladsch/flexmark/flexmark-ext-tables/0.64.8/flexmark-ext-tables-0.64.8.jar:/Users/bytedance/.m2/repository/com/vladsch/flexmark/flexmark-util/0.64.8/flexmark-util-0.64.8.jar:/Users/bytedance/.m2/repository/net/serenity-bdd/serenity-reports/4.2.1/serenity-reports-4.2.1.jar:/Users/bytedance/.m2/repository/net/serenity-bdd/serenity-stats/4.2.1/serenity-stats-4.2.1.jar:/Users/bytedance/.m2/repository/net/serenity-bdd/serenity-reports-configuration/4.2.1/serenity-reports-configuration-4.2.1.jar:/Users/bytedance/.m2/repository/com/ibm/icu/icu4j/72.1/icu4j-72.1.jar:/Users/bytedance/.m2/repository/es/nitaur/markdown/txtmark/0.16/txtmark-0.16.jar:/Users/bytedance/.m2/repository/net/serenity-bdd/serenity-report-resources/4.2.1/serenity-report-resources-4.2.1.jar:/Users/bytedance/.m2/repository/com/google/code/gson/gson/2.11.0/gson-2.11.0.jar:/Users/bytedance/.m2/repository/com/google/errorprone/error_prone_annotations/2.27.0/error_prone_annotations-2.27.0.jar:/Users/bytedance/.m2/repository/com/fasterxml/jackson/core/jackson-core/2.17.2/jackson-core-2.17.2.jar:/Users/bytedance/.m2/repository/com/fasterxml/jackson/core/jackson-databind/2.17.2/jackson-databind-2.17.2.jar:/Users/bytedance/.m2/repository/com/fasterxml/jackson/core/jackson-annotations/2.17.2/jackson-annotations-2.17.2.jar:/Users/bytedance/.m2/repository/commons-codec/commons-codec/1.17.1/commons-codec-1.17.1.jar:/Users/bytedance/.m2/repository/commons-io/commons-io/2.16.1/commons-io-2.16.1.jar:/Users/bytedance/.m2/repository/org/apache/httpcomponents/httpclient/4.5.13/httpclient-4.5.13.jar:/Users/bytedance/.m2/repository/org/apache/httpcomponents/httpcore/4.4.13/httpcore-4.4.13.jar:/Users/bytedance/.m2/repository/commons-logging/commons-logging/1.2/commons-logging-1.2.jar:/Users/bytedance/.m2/repository/org/seleniumhq/selenium/selenium-java/4.23.1/selenium-java-4.23.1.jar:/Users/bytedance/.m2/repository/org/seleniumhq/selenium/selenium-devtools-v125/4.23.1/selenium-devtools-v125-4.23.1.jar:/Users/bytedance/.m2/repository/org/seleniumhq/selenium/selenium-devtools-v126/4.23.1/selenium-devtools-v126-4.23.1.jar:/Users/bytedance/.m2/repository/org/seleniumhq/selenium/selenium-devtools-v127/4.23.1/selenium-devtools-v127-4.23.1.jar:/Users/bytedance/.m2/repository/org/seleniumhq/selenium/selenium-devtools-v85/4.23.1/selenium-devtools-v85-4.23.1.jar:/Users/bytedance/.m2/repository/org/seleniumhq/selenium/selenium-remote-driver/4.23.1/selenium-remote-driver-4.23.1.jar:/Users/bytedance/.m2/repository/io/opentelemetry/semconv/opentelemetry-semconv/1.25.0-alpha/opentelemetry-semconv-1.25.0-alpha.jar:/Users/bytedance/.m2/repository/io/opentelemetry/opentelemetry-api/1.40.0/opentelemetry-api-1.40.0.jar:/Users/bytedance/.m2/repository/io/opentelemetry/opentelemetry-context/1.40.0/opentelemetry-context-1.40.0.jar:/Users/bytedance/.m2/repository/io/opentelemetry/opentelemetry-exporter-logging/1.40.0/opentelemetry-exporter-logging-1.40.0.jar:/Users/bytedance/.m2/repository/io/opentelemetry/opentelemetry-sdk-common/1.40.0/opentelemetry-sdk-common-1.40.0.jar:/Users/bytedance/.m2/repository/io/opentelemetry/opentelemetry-sdk-extension-autoconfigure-spi/1.40.0/opentelemetry-sdk-extension-autoconfigure-spi-1.40.0.jar:/Users/bytedance/.m2/repository/io/opentelemetry/opentelemetry-sdk-extension-autoconfigure/1.40.0/opentelemetry-sdk-extension-autoconfigure-1.40.0.jar:/Users/bytedance/.m2/repository/io/opentelemetry/opentelemetry-api-incubator/1.40.0-alpha/opentelemetry-api-incubator-1.40.0-alpha.jar:/Users/bytedance/.m2/repository/io/opentelemetry/opentelemetry-sdk-trace/1.40.0/opentelemetry-sdk-trace-1.40.0.jar:/Users/bytedance/.m2/repository/io/opentelemetry/opentelemetry-sdk/1.40.0/opentelemetry-sdk-1.40.0.jar:/Users/bytedance/.m2/repository/io/opentelemetry/opentelemetry-sdk-metrics/1.40.0/opentelemetry-sdk-metrics-1.40.0.jar:/Users/bytedance/.m2/repository/io/opentelemetry/opentelemetry-sdk-logs/1.40.0/opentelemetry-sdk-logs-1.40.0.jar:/Users/bytedance/.m2/repository/org/seleniumhq/selenium/selenium-os/4.23.1/selenium-os-4.23.1.jar:/Users/bytedance/.m2/repository/org/apache/commons/commons-exec/1.4.0/commons-exec-1.4.0.jar:/Users/bytedance/.m2/repository/org/seleniumhq/selenium/selenium-safari-driver/4.23.1/selenium-safari-driver-4.23.1.jar:/Users/bytedance/.m2/repository/org/seleniumhq/selenium/selenium-api/4.23.1/selenium-api-4.23.1.jar:/Users/bytedance/.m2/repository/org/seleniumhq/selenium/selenium-support/4.23.1/selenium-support-4.23.1.jar:/Users/bytedance/.m2/repository/com/google/auto/service/auto-service-annotations/1.1.1/auto-service-annotations-1.1.1.jar:/Users/bytedance/.m2/repository/org/seleniumhq/selenium/selenium-json/4.23.1/selenium-json-4.23.1.jar:/Users/bytedance/.m2/repository/org/seleniumhq/selenium/selenium-chrome-driver/4.23.1/selenium-chrome-driver-4.23.1.jar:/Users/bytedance/.m2/repository/org/seleniumhq/selenium/selenium-chromium-driver/4.23.1/selenium-chromium-driver-4.23.1.jar:/Users/bytedance/.m2/repository/org/seleniumhq/selenium/selenium-manager/4.23.1/selenium-manager-4.23.1.jar:/Users/bytedance/.m2/repository/org/seleniumhq/selenium/selenium-firefox-driver/4.23.1/selenium-firefox-driver-4.23.1.jar:/Users/bytedance/.m2/repository/org/seleniumhq/selenium/selenium-http/4.23.1/selenium-http-4.23.1.jar:/Users/bytedance/.m2/repository/dev/failsafe/failsafe/3.3.2/failsafe-3.3.2.jar:/Users/bytedance/.m2/repository/org/seleniumhq/selenium/selenium-edge-driver/4.23.1/selenium-edge-driver-4.23.1.jar:/Users/bytedance/.m2/repository/org/seleniumhq/selenium/selenium-ie-driver/4.23.1/selenium-ie-driver-4.23.1.jar:/Users/bytedance/.m2/repository/org/htmlunit/htmlunit/4.4.0/htmlunit-4.4.0.jar:/Users/bytedance/.m2/repository/org/apache/httpcomponents/httpmime/4.5.14/httpmime-4.5.14.jar:/Users/bytedance/.m2/repository/org/htmlunit/htmlunit-core-js/4.4.0/htmlunit-core-js-4.4.0.jar:/Users/bytedance/.m2/repository/org/htmlunit/neko-htmlunit/4.4.0/neko-htmlunit-4.4.0.jar:/Users/bytedance/.m2/repository/org/htmlunit/htmlunit-cssparser/4.4.0/htmlunit-cssparser-4.4.0.jar:/Users/bytedance/.m2/repository/org/htmlunit/htmlunit-xpath/4.4.0/htmlunit-xpath-4.4.0.jar:/Users/bytedance/.m2/repository/org/htmlunit/htmlunit-csp/4.4.0/htmlunit-csp-4.4.0.jar:/Users/bytedance/.m2/repository/org/htmlunit/htmlunit-websocket-client/4.4.0/htmlunit-websocket-client-4.4.0.jar:/Users/bytedance/.m2/repository/org/brotli/dec/0.1.2/dec-0.1.2.jar:/Users/bytedance/.m2/repository/org/seleniumhq/selenium/htmlunit3-driver/4.23.0/htmlunit3-driver-4.23.0.jar:/Users/bytedance/.m2/repository/io/appium/java-client/9.3.0/java-client-9.3.0.jar:/Users/bytedance/.m2/repository/org/apache/groovy/groovy/4.0.22/groovy-4.0.22.jar:/Users/bytedance/.m2/repository/net/sf/opencsv/opencsv/2.1/opencsv-2.1.jar:/Users/bytedance/.m2/repository/org/apache/commons/commons-lang3/3.16.0/commons-lang3-3.16.0.jar:/Users/bytedance/.m2/repository/org/apache/commons/commons-compress/1.27.0/commons-compress-1.27.0.jar:/Users/bytedance/.m2/repository/org/fluentlenium/fluentlenium-core/0.10.2/fluentlenium-core-0.10.2.jar:/Users/bytedance/.m2/repository/com/jhlabs/filters/2.0.235/filters-2.0.235.jar:/Users/bytedance/.m2/repository/com/paulhammant/ngwebdriver/1.2/ngwebdriver-1.2.jar:/Users/bytedance/.m2/repository/joda-time/joda-time/2.12.7/joda-time-2.12.7.jar:/Users/bytedance/.m2/repository/org/hamcrest/hamcrest/2.2/hamcrest-2.2.jar:/Users/bytedance/.m2/repository/com/google/jimfs/jimfs/1.3.0/jimfs-1.3.0.jar:/Users/bytedance/.m2/repository/org/mockito/mockito-core/3.3.3/mockito-core-3.3.3.jar:/Users/bytedance/.m2/repository/javax/xml/bind/jaxb-api/2.3.1/jaxb-api-2.3.1.jar:/Users/bytedance/.m2/repository/javax/activation/javax.activation-api/1.2.0/javax.activation-api-1.2.0.jar:/Users/bytedance/.m2/repository/com/sun/xml/bind/jaxb-core/2.3.0.1/jaxb-core-2.3.0.1.jar:/Users/bytedance/.m2/repository/com/sun/xml/bind/jaxb-impl/2.3.3/jaxb-impl-2.3.3.jar:/Users/bytedance/.m2/repository/jakarta/xml/bind/jakarta.xml.bind-api/2.3.3/jakarta.xml.bind-api-2.3.3.jar:/Users/bytedance/.m2/repository/com/sun/activation/jakarta.activation/1.2.2/jakarta.activation-1.2.2.jar:/Users/bytedance/.m2/repository/javax/activation/activation/1.1.1/activation-1.1.1.jar:/Users/bytedance/.m2/repository/net/serenity-bdd/serenity-cucumber/4.2.1/serenity-cucumber-4.2.1.jar:/Users/bytedance/.m2/repository/io/cucumber/cucumber-core/7.18.1/cucumber-core-7.18.1.jar:/Users/bytedance/.m2/repository/io/cucumber/cucumber-gherkin/7.18.1/cucumber-gherkin-7.18.1.jar:/Users/bytedance/.m2/repository/io/cucumber/cucumber-gherkin-messages/7.18.1/cucumber-gherkin-messages-7.18.1.jar:/Users/bytedance/.m2/repository/io/cucumber/gherkin/28.0.0/gherkin-28.0.0.jar:/Users/bytedance/.m2/repository/io/cucumber/messages/24.1.0/messages-24.1.0.jar:/Users/bytedance/.m2/repository/io/cucumber/testng-xml-formatter/0.2.0/testng-xml-formatter-0.2.0.jar:/Users/bytedance/.m2/repository/io/cucumber/query/12.2.0/query-12.2.0.jar:/Users/bytedance/.m2/repository/io/cucumber/tag-expressions/6.1.0/tag-expressions-6.1.0.jar:/Users/bytedance/.m2/repository/io/cucumber/cucumber-expressions/17.1.0/cucumber-expressions-17.1.0.jar:/Users/bytedance/.m2/repository/io/cucumber/datatable/7.18.1/datatable-7.18.1.jar:/Users/bytedance/.m2/repository/io/cucumber/cucumber-plugin/7.18.1/cucumber-plugin-7.18.1.jar:/Users/bytedance/.m2/repository/io/cucumber/docstring/7.18.1/docstring-7.18.1.jar:/Users/bytedance/.m2/repository/io/cucumber/html-formatter/21.4.1/html-formatter-21.4.1.jar:/Users/bytedance/.m2/repository/io/cucumber/junit-xml-formatter/0.5.0/junit-xml-formatter-0.5.0.jar:/Users/bytedance/.m2/repository/io/cucumber/ci-environment/10.0.1/ci-environment-10.0.1.jar:/Users/bytedance/.m2/repository/io/cucumber/cucumber-java/7.18.1/cucumber-java-7.18.1.jar:/Users/bytedance/.m2/repository/io/cucumber/cucumber-junit/7.18.1/cucumber-junit-7.18.1.jar:/Users/bytedance/.m2/repository/org/apache/commons/commons-csv/1.5/commons-csv-1.5.jar:/Users/bytedance/.m2/repository/net/serenity-bdd/serenity-screenplay/4.2.1/serenity-screenplay-4.2.1.jar:/Users/bytedance/.m2/repository/net/serenity-bdd/serenity-screenplay-webdriver/4.2.1/serenity-screenplay-webdriver-4.2.1.jar:/Users/bytedance/.m2/repository/net/serenity-bdd/serenity-ensure/4.2.1/serenity-ensure-4.2.1.jar:/Users/bytedance/.m2/repository/org/jetbrains/kotlin/kotlin-stdlib/1.9.24/kotlin-stdlib-1.9.24.jar:/Users/bytedance/.m2/repository/org/jetbrains/annotations/13.0/annotations-13.0.jar:/Users/bytedance/.m2/repository/org/junit/platform/junit-platform-launcher/1.11.0/junit-platform-launcher-1.11.0.jar:/Users/bytedance/.m2/repository/org/junit/platform/junit-platform-engine/1.11.0/junit-platform-engine-1.11.0.jar:/Users/bytedance/.m2/repository/org/opentest4j/opentest4j/1.3.0/opentest4j-1.3.0.jar:/Users/bytedance/.m2/repository/org/junit/platform/junit-platform-commons/1.11.0/junit-platform-commons-1.11.0.jar:/Users/bytedance/.m2/repository/org/apiguardian/apiguardian-api/1.1.2/apiguardian-api-1.1.2.jar:/Users/bytedance/.m2/repository/io/cucumber/cucumber-junit-platform-engine/7.16.1/cucumber-junit-platform-engine-7.16.1.jar:/Users/bytedance/.m2/repository/org/junit/platform/junit-platform-suite/1.11.0/junit-platform-suite-1.11.0.jar:/Users/bytedance/.m2/repository/org/junit/platform/junit-platform-suite-api/1.11.0/junit-platform-suite-api-1.11.0.jar:/Users/bytedance/.m2/repository/org/junit/platform/junit-platform-suite-engine/1.11.0/junit-platform-suite-engine-1.11.0.jar:/Users/bytedance/.m2/repository/org/junit/platform/junit-platform-suite-commons/1.11.0/junit-platform-suite-commons-1.11.0.jar:/Users/bytedance/.m2/repository/org/junit/jupiter/junit-jupiter-engine/5.11.0/junit-jupiter-engine-5.11.0.jar:/Users/bytedance/.m2/repository/org/junit/jupiter/junit-jupiter-api/5.11.0/junit-jupiter-api-5.11.0.jar:/Users/bytedance/.m2/repository/org/junit/vintage/junit-vintage-engine/5.11.0/junit-vintage-engine-5.11.0.jar:/Users/bytedance/.m2/repository/junit/junit/4.13.2/junit-4.13.2.jar:/Users/bytedance/.m2/repository/org/hamcrest/hamcrest-core/1.3/hamcrest-core-1.3.jar:/Users/bytedance/.m2/repository/ch/qos/logback/logback-classic/1.2.10/logback-classic-1.2.10.jar:/Users/bytedance/.m2/repository/ch/qos/logback/logback-core/1.2.10/logback-core-1.2.10.jar:/Users/bytedance/.m2/repository/org/slf4j/slf4j-api/1.7.32/slf4j-api-1.7.32.jar:/Users/bytedance/.m2/repository/org/assertj/assertj-core/3.23.1/assertj-core-3.23.1.jar:/Users/bytedance/.m2/repository/net/bytebuddy/byte-buddy/1.12.10/byte-buddy-1.12.10.jar:"/>
    <property name="sun.cpu.endian" value="little"/>
    <property name="user.home" value="/Users/bytedance"/>
    <property name="user.language" value="en"/>
    <property name="java.specification.vendor" value="Oracle Corporation"/>
    <property name="java.version.date" value="2024-09-17"/>
    <property name="java.home" value="/opt/homebrew/Cellar/openjdk/23/libexec/openjdk.jdk/Contents/Home"/>
    <property name="file.separator" value="/"/>
    <property name="basedir" value="/Users/bytedance/Documents/private repos/serenity-cucumber-starter"/>
    <property name="java.vm.compressedOopsMode" value="Zero based"/>
    <property name="line.separator" value="&#10;"/>
    <property name="java.vm.specification.vendor" value="Oracle Corporation"/>
    <property name="java.specification.name" value="Java Platform API Specification"/>
    <property name="apple.awt.application.name" value="ForkedBooter"/>
    <property name="surefire.real.class.path" value="/Users/bytedance/Documents/private repos/serenity-cucumber-starter/target/surefire/surefirebooter-20241028000159380_3.jar"/>
    <property name="java.protocol.handler.pkgs" value="com.google.common"/>
    <property name="sun.management.compiler" value="HotSpot 64-Bit Tiered Compilers"/>
    <property name="ftp.nonProxyHosts" value="local|*.local|169.254/16|*.169.254/16"/>
    <property name="java.runtime.version" value="23"/>
    <property name="user.name" value="bytedance"/>
    <property name="stdout.encoding" value="UTF-8"/>
    <property name="path.separator" value=":"/>
    <property name="os.version" value="14.5"/>
    <property name="java.runtime.name" value="OpenJDK Runtime Environment"/>
    <property name="file.encoding" value="UTF-8"/>
    <property name="webdriver.base.url" value=""/>
    <property name="java.vm.name" value="OpenJDK 64-Bit Server VM"/>
    <property name="java.vendor.version" value="Homebrew"/>
    <property name="localRepository" value="/Users/bytedance/.m2/repository"/>
    <property name="java.vendor.url.bug" value="https://github.com/Homebrew/homebrew-core/issues"/>
    <property name="java.io.tmpdir" value="/var/folders/_f/mhs4nwqj2336dvy16q8312rc0000gn/T/"/>
    <property name="java.version" value="23"/>
    <property name="cucumber.filter.tags" value="@submit_leave_with_comments"/>
    <property name="user.dir" value="/Users/bytedance/Documents/private repos/serenity-cucumber-starter"/>
    <property name="os.arch" value="aarch64"/>
    <property name="java.vm.specification.name" value="Java Virtual Machine Specification"/>
    <property name="native.encoding" value="UTF-8"/>
    <property name="java.library.path" value="/Users/bytedance/Library/Java/Extensions:/Library/Java/Extensions:/Network/Library/Java/Extensions:/System/Library/Java/Extensions:/usr/lib/java:."/>
    <property name="java.vm.info" value="mixed mode, sharing"/>
    <property name="stderr.encoding" value="UTF-8"/>
    <property name="java.vendor" value="Homebrew"/>
    <property name="java.vm.version" value="23"/>
    <property name="sun.io.unicode.encoding" value="UnicodeBig"/>
    <property name="socksNonProxyHosts" value="local|*.local|169.254/16|*.169.254/16"/>
    <property name="java.class.version" value="67.0"/>
  </properties>
  <testcase name="User want to login" classname="Orange HRM Submit Leave" time="0.0">
    <skipped message="&apos;cucumber.filter.tags=@submit_leave_with_comments&apos; did not match this scenario"/>
    <system-out><![CDATA[00:02:00.483 [main] INFO  n.thucydides.core.steps.StepEventBus - Loading JUnit Platform configuration parameters from classpath resource [junit-platform.properties].
00:02:00.496 [main] INFO   - 

-------------------------------------------------------------------------------------
     _______. _______ .______       _______ .__   __.  __  .___________.____    ____ 
    /       ||   ____||   _  \     |   ____||  \ |  | |  | |           |\   \  /   / 
   |   (----`|  |__   |  |_)  |    |  |__   |   \|  | |  | `---|  |----` \   \/   /  
    \   \    |   __|  |      /     |   __|  |  . `  | |  |     |  |       \_    _/   
.----)   |   |  |____ |  |\  \----.|  |____ |  |\   | |  |     |  |         |  |     
|_______/    |_______|| _| `._____||_______||__| \__| |__|     |__|         |__|    
                                                                                     
 News and tutorials at https://serenity-bdd.info                                     
 Documentation at https://serenity-bdd.github.io                                     
 Test Automation Training and Coaching: https://www.serenity-dojo.com                
 Commercial Support: https://www.serenity-dojo.com/serenity-bdd-enterprise-support   
 Join the Serenity Community on Gitter: https://gitter.im/serenity-bdd/serenity-core 
-------------------------------------------------------------------------------------

00:02:00.500 [main] INFO   - Test Suite Started: Orange HRM Submit Leave
]]></system-out>
  </testcase>
  <testcase name="Example #1.1" classname="Examples" time="0.0">
    <skipped message="&apos;cucumber.filter.tags=@submit_leave_with_comments&apos; did not match this scenario"/>
  </testcase>
  <testcase name="Example #1.1" classname="Examples" time="0.0">
    <skipped message="&apos;cucumber.filter.tags=@submit_leave_with_comments&apos; did not match this scenario"/>
  </testcase>
  <testcase name="Example #1.1" classname="Examples" time="21.925">
    <system-out><![CDATA[00:02:00.534 [main] INFO   - Test Suite Started: Orange HRM Submit Leave with comments

@submit_leave_with_comments
Scenario Outline: User want to submit leave until submit leave quota is exhausted                                                                                       &amp#27;[90m# features/orangehrm/orangehrm_submit_leave_with_notes.feature:13&amp#27;[0m
00:02:00.954 [main] INFO  n.s.c.w.d.ChromeDriverProvider - Starting Chrome driver instance with capabilities:
00:02:00.955 [main] INFO  n.s.c.w.d.ChromeDriverProvider - Capabilities {acceptInsecureCerts: true, browserName: chrome, goog:chromeOptions: {args: [remote-allow-origins=*, test-type, no-sandbox, ignore-certificate-errors, --window-size=1680,1050, incognito, disable-infobars, disable-gpu, disable-default-apps, disable-popup-blocking, disable-dev-shm-usage, disable-extensions, disable-web-security, disable-translate, disable-logging, remote-allow-origins=*, test-type, no-sandbox, ignore-certificate-errors, --window-size=1680,1050, incognito, disable-infobars, disable-gpu, disable-default-apps, disable-popup-blocking, disable-dev-shm-usage, disable-extensions, disable-web-security, disable-translate, disable-logging, remote-allow-origins=*], extensions: []}}
  &amp#27;[32mGiven &amp#27;[0m&amp#27;[32m&amp#27;[0m&amp#27;[32m&amp#27;[1mSergey&amp#27;[0m&amp#27;[32m wants access HRM Dashboard with admin credentials via login&amp#27;[0m                                                                                              &amp#27;[90m# starter.stepdefinitions.OrangeHrmStepDefinitions.accessOrangeHrmDashboard(net.serenitybdd.screenplay.Actor)&amp#27;[0m
  &amp#27;[32mWhen &amp#27;[0m&amp#27;[32m&amp#27;[0m&amp#27;[32m&amp#27;[1mhe&amp#27;[0m&amp#27;[32m wants to submit his leave and his current leave balance is &amp#27;[0m&amp#27;[32m&amp#27;[1m"23.00 Day(s)"&amp#27;[0m&amp#27;[32m on selected date &amp#27;[0m&amp#27;[32m&amp#27;[1m"1"&amp#27;[0m&amp#27;[32m with comments &amp#27;[0m&amp#27;[32m&amp#27;[1m"submit leave due to flu and diarrhea"&amp#27;[0m           &amp#27;[90m# starter.stepdefinitions.OrangeHrmStepDefinitions.submitLeaveAndHisCurrentLeaveBalanceWithComments(net.serenitybdd.screenplay.Actor,java.lang.String,java.lang.String,java.lang.String)&amp#27;[0m
  &amp#27;[32mThen &amp#27;[0m&amp#27;[32m&amp#27;[0m&amp#27;[32m&amp#27;[1mhe&amp#27;[0m&amp#27;[32m should submit his leave successfully and his leave balance should be reduced by -1 into &amp#27;[0m&amp#27;[32m&amp#27;[1m"22.00 Day(s)"&amp#27;[0m                                                        &amp#27;[90m# starter.stepdefinitions.OrangeHrmStepDefinitions.should_submitLeaveSuccessfullyAndHisLeaveBalance(net.serenitybdd.screenplay.Actor,java.lang.String)&amp#27;[0m
  &amp#27;[32mAnd &amp#27;[0m&amp#27;[32m&amp#27;[0m&amp#27;[32m&amp#27;[1mhe&amp#27;[0m&amp#27;[32m should see that his submitted leave has been recored on My Leave section and check that the status should be correct by &amp#27;[0m&amp#27;[32m&amp#27;[1m"submit leave due to flu and diarrhea"&amp#27;[0m &amp#27;[90m# starter.stepdefinitions.OrangeHrmStepDefinitions.should_submitLeaveSuccessfullyAndHisLeaveBalanceAndCheckThatTheStatusIsCorrect(net.serenitybdd.screenplay.Actor,java.lang.String)&amp#27;[0m
]]></system-out>
    <system-err><![CDATA[Oct 28, 2024 12:02:03 AM org.openqa.selenium.devtools.CdpVersionFinder findNearestMatch
WARNING: Unable to find an exact match for CDP version 130, returning the closest version; found: 127; Please update to a Selenium version that supports CDP version 130
]]></system-err>
  </testcase>
  <testcase name="Example #1.2" classname="Examples" time="0.0">
    <skipped message="&apos;cucumber.filter.tags=@submit_leave_with_comments&apos; did not match this scenario"/>
  </testcase>
  <testcase name="Example #1.3" classname="Examples" time="0.0">
    <skipped message="&apos;cucumber.filter.tags=@submit_leave_with_comments&apos; did not match this scenario"/>
  </testcase>
  <testcase name="Example #1.4" classname="Examples" time="0.0">
    <skipped message="&apos;cucumber.filter.tags=@submit_leave_with_comments&apos; did not match this scenario"/>
  </testcase>
  <testcase name="Example #1.5" classname="Examples" time="0.0">
    <skipped message="&apos;cucumber.filter.tags=@submit_leave_with_comments&apos; did not match this scenario"/>
  </testcase>
  <testcase name="Example #1.6" classname="Examples" time="0.0">
    <skipped message="&apos;cucumber.filter.tags=@submit_leave_with_comments&apos; did not match this scenario"/>
  </testcase>
  <testcase name="Example #1.7" classname="Examples" time="0.0">
    <skipped message="&apos;cucumber.filter.tags=@submit_leave_with_comments&apos; did not match this scenario"/>
  </testcase>
  <testcase name="Example #1.8" classname="Examples" time="0.0">
    <skipped message="&apos;cucumber.filter.tags=@submit_leave_with_comments&apos; did not match this scenario"/>
  </testcase>
  <testcase name="Example #1.9" classname="Examples" time="0.0">
    <skipped message="&apos;cucumber.filter.tags=@submit_leave_with_comments&apos; did not match this scenario"/>
  </testcase>
  <testcase name="Example #1.10" classname="Examples" time="0.0">
    <skipped message="&apos;cucumber.filter.tags=@submit_leave_with_comments&apos; did not match this scenario"/>
  </testcase>
  <testcase name="Example #1.11" classname="Examples" time="0.0">
    <skipped message="&apos;cucumber.filter.tags=@submit_leave_with_comments&apos; did not match this scenario"/>
  </testcase>
  <testcase name="Example #1.12" classname="Examples" time="0.0">
    <skipped message="&apos;cucumber.filter.tags=@submit_leave_with_comments&apos; did not match this scenario"/>
  </testcase>
  <testcase name="Example #1.13" classname="Examples" time="0.0">
    <skipped message="&apos;cucumber.filter.tags=@submit_leave_with_comments&apos; did not match this scenario"/>
  </testcase>
  <testcase name="Example #1.14" classname="Examples" time="0.0">
    <skipped message="&apos;cucumber.filter.tags=@submit_leave_with_comments&apos; did not match this scenario"/>
  </testcase>
  <testcase name="Example #1.15" classname="Examples" time="0.0">
    <skipped message="&apos;cucumber.filter.tags=@submit_leave_with_comments&apos; did not match this scenario"/>
  </testcase>
  <testcase name="Example #1.16" classname="Examples" time="0.0">
    <skipped message="&apos;cucumber.filter.tags=@submit_leave_with_comments&apos; did not match this scenario"/>
  </testcase>
  <testcase name="Example #1.17" classname="Examples" time="0.0">
    <skipped message="&apos;cucumber.filter.tags=@submit_leave_with_comments&apos; did not match this scenario"/>
  </testcase>
  <testcase name="Example #1.18" classname="Examples" time="0.0">
    <skipped message="&apos;cucumber.filter.tags=@submit_leave_with_comments&apos; did not match this scenario"/>
  </testcase>
  <testcase name="Example #1.19" classname="Examples" time="0.0">
    <skipped message="&apos;cucumber.filter.tags=@submit_leave_with_comments&apos; did not match this scenario"/>
  </testcase>
  <testcase name="Example #1.20" classname="Examples" time="0.0">
    <skipped message="&apos;cucumber.filter.tags=@submit_leave_with_comments&apos; did not match this scenario"/>
  </testcase>
  <testcase name="Example #1.21" classname="Examples" time="0.0">
    <skipped message="&apos;cucumber.filter.tags=@submit_leave_with_comments&apos; did not match this scenario"/>
  </testcase>
  <testcase name="Example #1.22" classname="Examples" time="0.0">
    <skipped message="&apos;cucumber.filter.tags=@submit_leave_with_comments&apos; did not match this scenario"/>
  </testcase>
  <testcase name="Example #1.23" classname="Examples" time="0.0">
    <skipped message="&apos;cucumber.filter.tags=@submit_leave_with_comments&apos; did not match this scenario"/>
  </testcase>
</testsuite>